app/build/outputs/mapping/debug/seeds.txt
com.google.mlkit.vision.demo.R$id: int line3
com.google.mlkit.vision.demo.GraphicOverlay: int getImageWidth()
com.google.mlkit.vision.demo.R$id: int textSpacerNoTitle
com.google.mlkit.vision.demo.R$id: int always
com.google.mlkit.vision.demo.R$id: int screen
com.google.mlkit.vision.demo.R$id: int scrollIndicatorUp
com.google.mlkit.vision.demo.GraphicOverlay: int getImageHeight()
com.google.mlkit.vision.demo.R$id: int text2
com.google.mlkit.vision.demo.R$id: int CTRL
com.google.mlkit.vision.demo.R$id: int unchecked
com.google.mlkit.vision.demo.R$id: int decor_content_parent
com.google.mlkit.vision.demo.R$id: int select_images_from_local
com.google.mlkit.vision.demo.R$id: int center_vertical
com.google.mlkit.vision.demo.R$id: int progress_circular
com.google.mlkit.vision.demo.R$id: int top
com.google.mlkit.vision.demo.R$id: int shortcut
com.google.mlkit.vision.demo.R$id: int accessibility_custom_action_7
com.google.mlkit.vision.demo.R$id: int accessibility_custom_action_31
com.google.mlkit.vision.demo.R$id: int root
com.google.mlkit.vision.demo.R$id: int action_mode_bar
com.google.mlkit.vision.demo.R$id: int spacer
com.google.mlkit.vision.demo.R$id: int accessibility_custom_action_4
com.google.mlkit.vision.demo.R$id: int chronometer
com.google.mlkit.vision.demo.R$id: int action_mode_close_button
com.google.mlkit.vision.demo.R$id: int uniform
com.google.mlkit.vision.demo.R$id: int accessibility_custom_action_16
com.google.mlkit.vision.demo.R$id: int percent
com.google.mlkit.vision.demo.R$id: int search_button
com.google.mlkit.vision.demo.R$id: int withText
com.google.mlkit.vision.demo.R$id: int text1
com.google.mlkit.vision.demo.GraphicOverlay
com.google.mlkit.vision.demo.R$id: int expand_activities_button
com.google.mlkit.vision.demo.R$id: int tag_accessibility_pane_title
com.google.mlkit.vision.demo.R$id: int message
com.google.mlkit.vision.demo.R$id: int left
com.google.mlkit.vision.demo.R$id: int graphic_overlay
com.google.mlkit.vision.demo.R$id: int control2
com.google.mlkit.vision.demo.R$id: int search_src_text
com.google.mlkit.vision.demo.R$id: int spread
com.google.mlkit.vision.demo.R$id: int end
com.google.mlkit.vision.demo.R$id: int accessibility_custom_action_27
com.google.mlkit.vision.demo.R$id: int FUNCTION
com.google.mlkit.vision.demo.StillImageActivity2: StillImageActivity2()
com.google.mlkit.vision.demo.R$id: int invisible
com.google.mlkit.vision.demo.R$id: int action_bar_activity_content
com.google.mlkit.vision.demo.R$id: int buttonPanel
com.google.mlkit.vision.demo.R$id: int info
com.google.mlkit.vision.demo.R$id: int parent
com.google.mlkit.vision.demo.R$id: int src_in
com.google.mlkit.vision.demo.R$id: int action_menu_divider
com.google.mlkit.vision.demo.R$id: int up
com.google.mlkit.vision.demo.R$id: int accessibility_custom_action_11
com.google.mlkit.vision.demo.R$id: int action_bar_container
com.google.mlkit.vision.demo.R$id: int line1
com.google.mlkit.vision.demo.R$id: int right
com.google.mlkit.vision.demo.R$id: int start
com.google.mlkit.vision.demo.R$id: int alertTitle
com.google.mlkit.vision.demo.R$id: int chains
com.google.mlkit.vision.demo.R$id: int showTitle
com.google.mlkit.vision.demo.R$id: int text
com.google.mlkit.vision.demo.R$id: int dark
com.google.mlkit.vision.demo.R$id: int radio
com.google.mlkit.vision.demo.R$id: int spread_inside
com.google.mlkit.vision.demo.VerifActivity: VerifActivity()
com.google.mlkit.vision.demo.R$id: int customPanel
com.google.mlkit.vision.demo.GraphicOverlay: GraphicOverlay(android.content.Context,android.util.AttributeSet)
com.google.mlkit.vision.demo.R$id: int never
com.google.mlkit.vision.demo.R$id: int search_edit_frame
com.google.mlkit.vision.demo.R$id: int adjust_height
com.google.mlkit.vision.demo.R$id: int accessibility_custom_action_20
com.google.mlkit.vision.demo.R$id: int accessibility_custom_action_17
com.google.mlkit.vision.demo.R$id: int feature_selector
com.google.mlkit.vision.demo.R$id: int listMode
com.google.mlkit.vision.demo.R$id: int topPanel
...
com.google.android.gms.vision.face.NativeFaceDetectorV2ImplFactory
androidx.core.R$styleable: int FontFamilyFont_fontVariationSettings
androidx.appcompat.R$style: int Platform_V21_AppCompat
com.google.android.gms.internal.mlkit_vision_common.zzht$zzi$zza: com.google.android.gms.internal.mlkit_vision_common.zzht$zzi$zza zzh
androidx.appcompat.R$styleable: int Toolbar_title
com.google.android.gms.internal.mlkit_vision_common.zzr$zzak$zzb: com.google.android.gms.internal.mlkit_vision_common.zzr$zzak$zzb[] values()
androidx.appcompat.R$string: int abc_search_hint
com.google.android.gms.internal.mlkit_vision_internal_vkp.zzkj: com.google.android.gms.internal.mlkit_vision_internal_vkp.zzkj zzh
com.google.android.gms.internal.mlkit_vision_face.zzbl$zzf$zzb: com.google.android.gms.internal.mlkit_vision_face.zzbl$zzae zzg
com.google.android.gms.internal.mlkit_vision_face.zzbl$zzay: long zzf
androidx.appcompat.R$styleable: int AppCompatTextView_textLocale
com.google.android.gms.internal.mlkit_vision_internal_vkp.zzlz$zzf: int zzab
androidx.appcompat.R$dimen: int abc_action_button_min_width_material
com.google.android.gms.internal.mlkit_vision_internal_vkp.zzvw: java.lang.String zzf
com.google.android.gms.internal.mlkit_vision_common.zzr$zzh$zza: com.google.android.gms.internal.mlkit_vision_common.zzr$zzh$zza zzg
com.google.android.gms.internal.mlkit_vision_face.zzbl$zzad: com.google.android.gms.internal.mlkit_vision_face.zzbl$zzc zzas
androidx.appcompat.R$drawable: int abc_ratingbar_indicator_material
com.google.android.gms.internal.mlkit_vision_internal_vkp.zzvw$zza: int zzd
com.google.android.gms.internal.mlkit_vision_internal_vkp.zzlz$zzd: com.google.android.gms.internal.mlkit_vision_internal_vkp.zzlz$zzd zzd
com.google.android.gms.internal.mlkit_vision_internal_vkp.zzrt: com.google.android.gms.internal.mlkit_vision_internal_vkp.zzrt[] values()
com.google.android.gms.internal.mlkit_vision_common.zzcc$zzb: int zzf
com.google.android.gms.internal.mlkit_vision_face.zzbl$zzt: int zzc
com.google.android.gms.internal.mlkit_vision_internal_vkp.zzlz$zzo: boolean zzn
androidx.appcompat.R$drawable: int notification_template_icon_low_bg
com.google.android.gms.internal.mlkit_vision_common.zzr$zzap: com.google.android.gms.internal.mlkit_vision_common.zzr$zzap zzj
androidx.appcompat.R$style: int TextAppearance_AppCompat_Large_Inverse
androidx.constraintlayout.widget.R$styleable: int ConstraintSet_layout_constraintLeft_toLeftOf
com.google.android.gms.internal.mlkit_vision_face.zzbl$zzac: int zzd
androidx.appcompat.widget.AppCompatTextView: AppCompatTextView(android.content.Context,android.util.AttributeSet,int)
androidx.appcompat.widget.AbsActionBarView: int getContentHeight()
androidx.appcompat.widget.AppCompatEditText: void setBackgroundDrawable(android.graphics.drawable.Drawable)
androidx.appcompat.widget.SearchView$SearchAutoComplete: void setImeVisibility(boolean)
com.google.android.gms.internal.vision.zzef$zzf: int zznz
com.google.android.gms.internal.mlkit_vision_internal_vkp.zzag: com.google.android.gms.internal.mlkit_vision_internal_vkp.zzor zzd
androidx.appcompat.resources.R$styleable: int AnimatedStateListDrawableTransition_android_toId
com.google.android.gms.internal.mlkit_vision_common.zzht$zzj: int zzd
com.google.android.gms.internal.mlkit_vision_internal_vkp.zzwz
com.google.android.gms.vision.face.NativeFaceSettings: boolean trackingEnabled
com.google.android.gms.internal.mlkit_vision_face.zzjm$zzg: com.google.android.gms.internal.mlkit_vision_face.zzhu zze
com.google.android.gms.internal.mlkit_vision_face.zzbl$zzay: long zzg
com.google.android.gms.vision.clearcut.LogUtils: java.lang.String zzb(android.content.Context)
com.google.android.gms.internal.mlkit_vision_internal_vkp.zzuk: com.google.android.gms.internal.mlkit_vision_internal_vkp.zzor zzc
androidx.appcompat.view.menu.ExpandedMenuView: int getWindowAnimations()
com.google.android.gms.internal.vision.zzki: com.google.android.gms.internal.vision.zzki[] values()