app/build/outputs/mapping/debug/mapping.txt
# compiler: R8
# compiler_version: 1.6.82
# min_api: 19
# pg_map_id: 3a82934
# common_typos_disable
com.google.mlkit.vision.demo.-$$Lambda$GraphicOverlay$naye_CaM5bS2xTlVTENaVS4MII4 -> b.a.d.b.b.a:
    com.google.mlkit.vision.demo.GraphicOverlay f$0 -> a
com.google.mlkit.vision.demo.-$$Lambda$ScopedExecutor$44brDLevvLv_Io6c2sClFKWM82U -> b.a.d.b.b.b:
    java.lang.Runnable f$1 -> c
    com.google.mlkit.vision.demo.ScopedExecutor f$0 -> b
com.google.mlkit.vision.demo.-$$Lambda$StillImageActivity$LGZWC4ema7wHQAswzsugQx4fOjY -> b.a.d.b.b.c:
    com.google.mlkit.vision.demo.StillImageActivity f$0 -> b
com.google.mlkit.vision.demo.-$$Lambda$StillImageActivity$g7kUJ-fVuucoyrzObyJBORVxLaU -> b.a.d.b.b.d:
    com.google.mlkit.vision.demo.StillImageActivity f$0 -> a
com.google.mlkit.vision.demo.-$$Lambda$StillImageActivity2$KxUCDQSxh5g4e6TUmVNQ_5ZxIbs -> b.a.d.b.b.e:
    com.google.mlkit.vision.demo.StillImageActivity2 f$0 -> a
com.google.mlkit.vision.demo.-$$Lambda$StillImageActivity2$blpO9Xburp3hS_fwLWltRWbUrfY -> b.a.d.b.b.f:
    com.google.mlkit.vision.demo.StillImageActivity2 f$0 -> b
com.google.mlkit.vision.demo.-$$Lambda$VisionProcessorBase$6WmKB5RVP1YIBRgQJFaZp-1u-Js -> b.a.d.b.b.g:
    com.google.mlkit.vision.demo.VisionProcessorBase f$0 -> a
    long f$1 -> b
    boolean f$4 -> e
    android.graphics.Bitmap f$3 -> d
    com.google.mlkit.vision.demo.GraphicOverlay f$2 -> c
    void onSuccess(java.lang.Object) -> a
com.google.mlkit.vision.demo.-$$Lambda$VisionProcessorBase$j988KZ5ylJx-ZYAiOGv2esPfewQ -> b.a.d.b.b.h:
    com.google.mlkit.vision.demo.VisionProcessorBase f$0 -> a
    com.google.mlkit.vision.demo.GraphicOverlay f$1 -> b
    void onFailure(java.lang.Exception) -> a
com.google.mlkit.vision.demo.BitmapUtils -> b.a.d.b.b.i:
    100:114:android.graphics.Bitmap rotateBitmap(android.graphics.Bitmap,int,boolean,boolean) -> a
    141:182:android.graphics.Bitmap getBitmapFromContentUri(android.content.ContentResolver,android.net.Uri) -> a
    189:203:int getExifOrientationTag(android.content.ContentResolver,android.net.Uri) -> b
com.google.mlkit.vision.demo.CameraImageGraphic -> b.a.d.b.b.j:
    android.graphics.Bitmap bitmap -> b
    32:34:void <init>(com.google.mlkit.vision.demo.GraphicOverlay,android.graphics.Bitmap) -> <init>
    38:39:void draw(android.graphics.Canvas) -> a
com.google.mlkit.vision.demo.GraphicOverlay -> com.google.mlkit.vision.demo.GraphicOverlay:
    float postScaleHeightOffset -> i
    float postScaleWidthOffset -> h
    float scaleFactor -> g
    boolean isImageFlipped -> j
    boolean needUpdateTransformation -> k
    java.util.List graphics -> c
    java.lang.Object lock -> b
    android.graphics.Matrix transformationMatrix -> d
    int imageHeight -> f
    int imageWidth -> e
    149:153:void <init>(android.content.Context,android.util.AttributeSet) -> <init>
    49:49:float access$000(com.google.mlkit.vision.demo.GraphicOverlay) -> a
    152:152:void lambda$new$0(android.view.View,int,int,int,int,int,int,int,int) -> a
    159:161:void clear() -> a
    169:171:void add(com.google.mlkit.vision.demo.GraphicOverlay$Graphic) -> a
    194:201:void setImageSourceInfo(int,int,boolean) -> a
    49:49:boolean access$100(com.google.mlkit.vision.demo.GraphicOverlay) -> b
    214:215:void updateTransformationIfNeeded() -> b
    49:49:float access$200(com.google.mlkit.vision.demo.GraphicOverlay) -> c
    49:49:float access$300(com.google.mlkit.vision.demo.GraphicOverlay) -> d
    49:49:android.graphics.Matrix access$400(com.google.mlkit.vision.demo.GraphicOverlay) -> e
    210:210:int getImageHeight() -> getImageHeight
    206:206:int getImageWidth() -> getImageWidth
    247:255:void onDraw(android.graphics.Canvas) -> onDraw
...
com.google.android.gms.internal.mlkit_vision_face.zzd -> b.a.a.a.h.g.k4:
com.google.android.gms.internal.mlkit_vision_face.zzda -> b.a.a.a.h.g.l4:
    com.google.android.gms.internal.mlkit_vision_face.zzgg zza -> a
    2:2:void <clinit>() -> <clinit>
    1:1:void <init>() -> <init>
com.google.android.gms.internal.mlkit_vision_face.zzdb -> b.a.a.a.h.g.m4:
    1:1:void <init>() -> <init>
com.google.android.gms.internal.mlkit_vision_face.zzdc -> b.a.a.a.h.g.n4:
    1:1:void <init>() -> <init>
com.google.android.gms.internal.mlkit_vision_face.zzdd -> b.a.a.a.h.g.o4:
    1:1:void <init>() -> <init>
com.google.android.gms.internal.mlkit_vision_face.zzde -> b.a.a.a.h.g.p4:
    com.google.android.gms.internal.mlkit_vision_face.zzgg zza -> a
    2:2:void <clinit>() -> <clinit>
    1:1:void <init>() -> <init>
com.google.android.gms.internal.mlkit_vision_face.zzdf -> b.a.a.a.h.g.q4:
    com.google.android.gms.internal.mlkit_vision_face.zzgg zza -> a
    2:2:void <clinit>() -> <clinit>
    1:1:void <init>() -> <init>
com.google.android.gms.internal.mlkit_vision_face.zzdg -> b.a.a.a.h.g.r4:
    1:1:void <init>() -> <init>
com.google.android.gms.internal.mlkit_vision_face.zzdh -> b.a.a.a.h.g.s4:
    1:1:void <init>() -> <init>
com.google.android.gms.internal.mlkit_vision_face.zzdi -> b.a.a.a.h.g.t4:
    com.google.android.gms.internal.mlkit_vision_face.zzgg zza -> a
    2:2:void <clinit>() -> <clinit>
    1:1:void <init>() -> <init>
com.google.android.gms.internal.mlkit_vision_face.zzdj -> b.a.a.a.h.g.u4:
    com.google.android.gms.internal.mlkit_vision_face.zzgg zza -> a
    2:2:void <clinit>() -> <clinit>
    1:1:void <init>() -> <init>
com.google.android.gms.internal.mlkit_vision_face.zzdk -> b.a.a.a.h.g.v4:
    1:1:void <init>() -> <init>
com.google.android.gms.internal.mlkit_vision_face.zzdl -> b.a.a.a.h.g.w4:
    1:1:void <init>() -> <init>
com.google.android.gms.internal.mlkit_vision_face.zzdm -> b.a.a.a.h.g.x4:
    com.google.android.gms.internal.mlkit_vision_face.zzgg zza -> a
    2:2:void <clinit>() -> <clinit>
    1:1:void <init>() -> <init>
com.google.android.gms.internal.mlkit_vision_face.zzdn -> b.a.a.a.h.g.y4:
    com.google.android.gms.internal.mlkit_vision_face.zzgg zza -> a
    2:2:void <clinit>() -> <clinit>
    1:1:void <init>() -> <init>
com.google.android.gms.internal.mlkit_vision_face.zzdo -> b.a.a.a.h.g.z4:
    1:1:void <init>() -> <init>
com.google.android.gms.internal.mlkit_vision_face.zzdp -> b.a.a.a.h.g.a5:
    1:1:void <init>() -> <init>
com.google.android.gms.internal.mlkit_vision_face.zzdq -> b.a.a.a.h.g.b5:
    1:1:void <init>() -> <init>
com.google.android.gms.internal.mlkit_vision_face.zzdr -> b.a.a.a.h.g.c5:
    1:1:void <init>() -> <init>
com.google.android.gms.internal.mlkit_vision_face.zzds -> b.a.a.a.h.g.d5:
    com.google.android.gms.internal.mlkit_vision_face.zzgg zza -> a
    2:2:void <clinit>() -> <clinit>
    1:1:void <init>() -> <init>
com.google.android.gms.internal.mlkit_vision_face.zzdt -> b.a.a.a.h.g.e5:
    1:1:void <init>() -> <init>
com.google.android.gms.internal.mlkit_vision_face.zzdu -> b.a.a.a.h.g.f5:
    int[] zza -> a
    1:1:void <clinit>() -> <clinit>
com.google.android.gms.internal.mlkit_vision_face.zzdv$zza -> b.a.a.a.h.g.g5:
    25:29:void <clinit>() -> <clinit>
    1:3:void <init>() -> <init>
    4:5:java.lang.Object zza(int,java.lang.Object,java.lang.Object) -> a
    24:24:com.google.android.gms.internal.mlkit_vision_face.zzdv$zza zza() -> a
com.google.android.gms.internal.mlkit_vision_face.zzdv$zza$zza -> b.a.a.a.h.g.g5$a:
    1:2:void <init>() -> <init>
    3:3:void <init>(com.google.android.gms.internal.mlkit_vision_face.zzdu) -> <init>
com.google.android.gms.internal.mlkit_vision_face.zzdv$zzb -> b.a.a.a.h.g.h5:
    26:29:void <clinit>() -> <clinit>
    1:2:void <init>() -> <init>
    3:4:java.lang.Object zza(int,java.lang.Object,java.lang.Object) -> a
    25:25:com.google.android.gms.internal.mlkit_vision_face.zzdv$zzb zza() -> a