app/build/outputs/mapping/debug/usage.txt
com.google.mlkit.vision.demo.R$anim
com.google.mlkit.vision.demo.FrameMetadata
com.google.mlkit.vision.demo.R
com.google.mlkit.vision.demo.FrameMetadata$1
com.google.mlkit.vision.demo.R$drawable
com.google.mlkit.vision.demo.InferenceInfoGraphic:
    private static final int TEXT_COLOR
    private static final float TEXT_SIZE
com.google.mlkit.vision.demo.GraphicOverlay:
    public void remove(com.google.mlkit.vision.demo.GraphicOverlay$Graphic)
com.google.mlkit.vision.demo.BuildConfig
com.google.mlkit.vision.demo.VerifActivity2:
    public final int getInputImageHeight()
    public final void setInputImageHeight(int)
    public final int getInputImageWidth()
    public final void setInputImageWidth(int)
    public android.view.View _$_findCachedViewById(int)
    public void _$_clearFindViewByIdCache()
    private float[] float_array2
    private java.util.HashMap _$_findViewCache
com.google.mlkit.vision.demo.preference.StillImagePreferenceFragment
com.google.mlkit.vision.demo.BitmapUtils:
    public void <init>()
    public static android.graphics.Bitmap getBitmap(java.nio.ByteBuffer,com.google.mlkit.vision.demo.FrameMetadata)
    public static android.graphics.Bitmap getBitmapFromAsset(android.content.Context,java.lang.String)
    public static java.nio.ByteBuffer convertBitmapToNv21Buffer(android.graphics.Bitmap)
    public static byte[] convertBitmapToNv21Bytes(android.graphics.Bitmap)
    private static void encodeToNv21(byte[],int[],int,int)
    public static java.nio.ByteBuffer convertBitmapToYv12Buffer(android.graphics.Bitmap)
    public static byte[] convertBitmapToYv12Bytes(android.graphics.Bitmap)
    private static byte[] nv21Toyv12(byte[])
    private static java.nio.ByteBuffer yuv420ThreePlanesToNV21(android.media.Image$Plane[],int,int)
    private static boolean areUVPlanesNV21(android.media.Image$Plane[],int,int)
    private static void unpackPlane(android.media.Image$Plane,int,int,byte[],int,int)
    private static final java.lang.String TAG
com.google.mlkit.vision.demo.preference.PreferenceUtils
com.google.mlkit.vision.demo.R$integer
com.google.mlkit.vision.demo.R$id:
    private void <init>()
com.google.mlkit.vision.demo.VisionProcessorBase:
    private synchronized void processLatestImage(com.google.mlkit.vision.demo.GraphicOverlay)
    private void processImage(java.nio.ByteBuffer,com.google.mlkit.vision.demo.FrameMetadata,com.google.mlkit.vision.demo.GraphicOverlay)
    private synthetic void lambda$processImage$0(com.google.mlkit.vision.demo.GraphicOverlay,java.lang.Object)
    public synchronized void processByteBuffer(java.nio.ByteBuffer,com.google.mlkit.vision.demo.FrameMetadata,com.google.mlkit.vision.demo.GraphicOverlay)
    public void stop()
    private boolean isShutdown
    private java.nio.ByteBuffer latestImage
    private com.google.mlkit.vision.demo.FrameMetadata latestImageMetaData
    private java.nio.ByteBuffer processingImage
    private com.google.mlkit.vision.demo.FrameMetadata processingMetaData
    protected static final java.lang.String MANUAL_TESTING_LOG
    private static final java.lang.String TAG
com.google.mlkit.vision.demo.R$array
com.google.mlkit.vision.demo.GraphicOverlay$Graphic:
    public boolean isImageFlipped()
com.google.mlkit.vision.demo.R$bool
com.google.mlkit.vision.demo.R$color
com.google.mlkit.vision.demo.FrameMetadata$Builder
com.google.mlkit.vision.demo.R$mipmap
com.google.mlkit.vision.demo.facedetector.FaceDetectorProcessor:
    public void stop()
    private static final java.lang.String TAG
com.google.mlkit.vision.demo.R$menu
...
com.google.gson.internal.Excluder$1
com.google.gson.internal.bind.TypeAdapters$4
kotlin.coroutines.jvm.internal.ModuleNameRetriever
com.google.android.gms.dynamic.SupportFragmentWrapper
com.google.common.util.concurrent.ForwardingListeningExecutorService
com.google.android.gms.internal.mlkit_vision_internal_vkp.zzhr$zzf
com.google.android.gms.internal.mlkit_vision_internal_vkp.zzhz
com.google.common.base.Splitter$4
androidx.core.view.WindowInsetsCompat:
    public void <init>(androidx.core.view.WindowInsetsCompat)
    public boolean hasSystemWindowInsets()
    public boolean hasInsets()
    public boolean isConsumed()
    public boolean isRound()
    public androidx.core.view.WindowInsetsCompat consumeSystemWindowInsets()
    public androidx.core.view.WindowInsetsCompat replaceSystemWindowInsets(android.graphics.Rect)
    public int getStableInsetTop()
    public int getStableInsetLeft()
    public int getStableInsetRight()
    public int getStableInsetBottom()
    public boolean hasStableInsets()
    public androidx.core.view.WindowInsetsCompat consumeStableInsets()
    public androidx.core.view.DisplayCutoutCompat getDisplayCutout()
    public androidx.core.view.WindowInsetsCompat consumeDisplayCutout()
androidx.appcompat.app.AppCompatActivity:
    public void <init>(int)
    public void setSupportActionBar(androidx.appcompat.widget.Toolbar)
    public boolean supportRequestWindowFeature(int)
    public androidx.appcompat.view.ActionMode startSupportActionMode(androidx.appcompat.view.ActionMode$Callback)
    public void setSupportProgressBarVisibility(boolean)
    public void setSupportProgressBarIndeterminateVisibility(boolean)
    public void setSupportProgressBarIndeterminate(boolean)
    public void setSupportProgress(int)
    public androidx.appcompat.app.ActionBarDrawerToggle$Delegate getDrawerToggleDelegate()
com.google.android.gms.internal.mlkit_vision_label_bundled.zzji$zzh
com.google.gson.internal.Streams$AppendableWriter
com.google.android.gms.internal.mlkit_vision_internal_vkp.zzva
androidx.core.text.TextDirectionHeuristicsCompat$TextDirectionAlgorithm
com.google.android.gms.internal.mlkit_common.zzet
com.google.android.gms.internal.mlkit_vision_label_custom.zzx
kotlin.sequences.TransformingSequence$iterator$1
com.google.android.gms.internal.mlkit_vision_common.zzr
com.google.android.gms.internal.mlkit_common.zzaa$zzg
com.google.android.gms.internal.mlkit_common.zzec
androidx.appcompat.widget.AppCompatRatingBar:
    public void <init>(android.content.Context)
com.google.mlkit.common.model.RemoteModelManager$RemoteModelManagerRegistration:
    public void <init>(java.lang.Class,com.google.firebase.inject.Provider)
androidx.appcompat.widget.AppCompatSpinner$DialogPopup:
    public int getHorizontalOriginalOffset()
com.google.common.collect.Iterables$2
com.google.android.gms.flags.FlagSource
com.google.android.gms.internal.mlkit_vision_internal_vkp.zzi
com.google.common.cache.LocalCache$EntrySet
com.google.android.gms.internal.mlkit_vision_internal_vkp.zzka
com.google.common.collect.ImmutableSortedSetFauxverideShim
com.google.android.gms.internal.mlkit_vision_internal_vkp.zzfr$zza
com.google.android.gms.internal.mlkit_vision_label_bundled.zzfz
com.google.android.gms.internal.mlkit_vision_label_common.zzd
androidx.constraintlayout.widget.ConstraintSet$Constraint:
    static synthetic void access$100(androidx.constraintlayout.widget.ConstraintSet$Constraint,int,androidx.constraintlayout.widget.ConstraintLayout$LayoutParams)
    static final int UNSET
com.google.common.collect.ImmutableRangeSet$SerializedForm
com.google.common.io.ByteStreams$FastByteArrayOutputStream
androidx.fragment.app.FragmentTabHost$DummyTabFactory
com.google.android.gms.common.images.WebImage
com.google.android.gms.internal.mlkit_vision_label_custom.zzg
com.google.common.collect.MultimapBuilder$3
kotlin.collections.ArraysKt___ArraysKt$withIndex$9
androidx.fragment.R$id
kotlin.system.TimingKt
com.google.common.collect.EmptyImmutableSet